<?xml version="1.0" encoding="UTF-8"?>
<!-- Generated by org.testng.reporters.JUnitXMLReporter -->
<testsuite hostname="ATAUR" name="Data Provider Test" tests="3" failures="0" timestamp="14 Dec 2015 00:13:47 GMT" time="0.017" errors="0">
  <testcase name="testSignup" time="0.003" classname="firstTestNG.DataProviderTest"/>
  <testcase name="testSignup" time="0.003" classname="firstTestNG.DataProviderTest"/>
  <testcase name="testSignup" time="0.001" classname="firstTestNG.DataProviderTest"/>
</testsuite> <!-- Data Provider Test -->
